{
  "RSpec": {
    "coverage": {
      "/Users/omistaja/ttmanagement/app/models/player.rb": [
        1,
        1,
        1,
        1,
        1,
        null,
        null,
        1,
        27,
        27,
        8,
        null,
        0,
        null,
        27,
        null,
        null,
        1,
        5,
        5,
        0,
        null,
        2,
        null,
        5,
        null,
        null,
        1,
        66,
        2,
        null,
        null,
        null,
        null,
        1,
        109,
        null,
        null,
        null,
        null,
        1,
        5,
        null,
        null
      ],
      "/Users/omistaja/ttmanagement/app/models/membership.rb": [
        1,
        1,
        1,
        null
      ],
      "/Users/omistaja/ttmanagement/app/helpers/application_helper.rb": [
        1,
        null
      ],
      "/Users/omistaja/ttmanagement/app/helpers/clubs_helper.rb": [
        1,
        null
      ],
      "/Users/omistaja/ttmanagement/app/helpers/memberships_helper.rb": [
        1,
        null
      ],
      "/Users/omistaja/ttmanagement/app/helpers/players_helper.rb": [
        1,
        null
      ],
      "/Users/omistaja/ttmanagement/app/controllers/memberships_controller.rb": [
        1,
        1,
        null,
        null,
        null,
        1,
        null,
        null,
        null,
        null,
        null,
        1,
        null,
        null,
        null,
        1,
        1,
        4,
        1,
        null,
        null,
        null,
        1,
        null,
        null,
        null,
        null,
        1,
        1,
        null,
        1,
        1,
        1,
        1,
        1,
        1,
        1,
        2,
        1,
        null,
        null,
        0,
        0,
        null,
        null,
        null,
        null,
        null,
        null,
        1,
        0,
        0,
        0,
        0,
        null,
        0,
        0,
        null,
        null,
        null,
        null,
        null,
        null,
        1,
        1,
        1,
        1,
        1,
        null,
        1,
        2,
        1,
        null,
        null,
        null,
        1,
        null,
        1,
        1,
        null,
        null,
        null,
        1,
        1,
        null,
        null
      ],
      "/Users/omistaja/ttmanagement/app/controllers/application_controller.rb": [
        1,
        null,
        null,
        1,
        null,
        1,
        null,
        1,
        279,
        202,
        null,
        null,
        null,
        null,
        null
      ],
      "/Users/omistaja/ttmanagement/app/models/club.rb": [
        1,
        1,
        1,
        null,
        1,
        4,
        null,
        null,
        1,
        15,
        null,
        null,
        null
      ],
      "/Users/omistaja/ttmanagement/app/controllers/clubs_controller.rb": [
        1,
        null,
        1,
        null,
        null,
        null,
        1,
        6,
        null,
        null,
        null,
        null,
        1,
        5,
        2,
        2,
        null,
        null,
        3,
        null,
        null,
        null,
        null,
        null,
        null,
        1,
        0,
        0,
        null,
        null,
        null,
        1,
        null,
        null,
        null,
        null,
        1,
        0,
        0,
        0,
        null,
        null,
        0,
        0,
        0,
        0,
        null,
        0,
        0,
        null,
        null,
        null,
        null,
        null,
        null,
        1,
        0,
        0,
        0,
        0,
        null,
        0,
        0,
        null,
        null,
        null,
        null,
        null,
        null,
        1,
        0,
        0,
        0,
        0,
        null,
        null,
        null,
        1,
        0,
        null,
        null,
        1,
        null,
        null,
        null,
        1,
        null,
        1,
        5,
        null,
        null,
        null,
        1,
        0,
        null,
        null
      ],
      "/Users/omistaja/ttmanagement/app/controllers/sessions_controller.rb": [
        1,
        null,
        1,
        null,
        null,
        null,
        1,
        9,
        9,
        7,
        7,
        null,
        2,
        null,
        null,
        null,
        1,
        1,
        1,
        null,
        null
      ],
      "/Users/omistaja/ttmanagement/app/controllers/players_controller.rb": [
        1,
        1,
        null,
        null,
        null,
        null,
        1,
        2,
        null,
        null,
        null,
        null,
        1,
        null,
        null,
        null,
        null,
        1,
        0,
        0,
        null,
        0,
        null,
        null,
        null,
        1,
        6,
        null,
        null,
        null,
        1,
        null,
        null,
        null,
        null,
        1,
        6,
        6,
        6,
        6,
        null,
        6,
        6,
        10,
        5,
        null,
        2,
        1,
        null,
        null,
        null,
        null,
        null,
        null,
        1,
        1,
        1,
        2,
        1,
        null,
        0,
        0,
        null,
        null,
        null,
        null,
        null,
        null,
        1,
        1,
        1,
        1,
        2,
        1,
        null,
        1,
        null,
        null,
        null,
        null,
        1,
        0,
        0,
        0,
        null,
        0,
        null,
        0,
        0,
        0,
        null,
        null,
        null,
        1,
        null,
        1,
        17,
        null,
        null,
        null,
        1,
        7,
        null,
        null
      ]
    },
    "timestamp": 1491476260
  }
}
