{
  "RSpec": {
    "coverage": {
      "/Users/omistaja/ttmanagement/app/models/player.rb": [
        1,
        1,
        1,
        1,
        1,
        null,
        1,
        1,
        1,
        null,
        null,
        null,
        null,
        null,
        1,
        74,
        74,
        39,
        null,
        0,
        null,
        74,
        null,
        null,
        null,
        null,
        null,
        1,
        5,
        5,
        0,
        null,
        2,
        null,
        5,
        null,
        null,
        1,
        186,
        2,
        null,
        null,
        null,
        1,
        164,
        164,
        164,
        164,
        null,
        null,
        1,
        76,
        76,
        76,
        null,
        null,
        1,
        38,
        null,
        null,
        null,
        null,
        1,
        376,
        null,
        null,
        null,
        null,
        1,
        130,
        null,
        null
      ],
      "/Users/omistaja/ttmanagement/app/models/match.rb": [
        null,
        null,
        null,
        1,
        null,
        1,
        null,
        null,
        null,
        1,
        1,
        null,
        1,
        1,
        1,
        1,
        1,
        null,
        null,
        null,
        null,
        1,
        27,
        4,
        null,
        null,
        null,
        1,
        27,
        7,
        null,
        null,
        null,
        null,
        1,
        27,
        27,
        27,
        81,
        11,
        null,
        null,
        81,
        60,
        null,
        21,
        null,
        null,
        null,
        27,
        12,
        2,
        null,
        null,
        12,
        5,
        null,
        7,
        null,
        null,
        null,
        27,
        7,
        4,
        null,
        null,
        null,
        null,
        null,
        null,
        1,
        27,
        null,
        null,
        4,
        null,
        null,
        null,
        1,
        27,
        27,
        27,
        81,
        60,
        null,
        21,
        null,
        null,
        27,
        15,
        3,
        null,
        null,
        27,
        5,
        null,
        22,
        null,
        null,
        27,
        17,
        0,
        null,
        null,
        null,
        null,
        null,
        1,
        5,
        null,
        null,
        1,
        650,
        142,
        508,
        142,
        366,
        142,
        224,
        127,
        97,
        97,
        null,
        null,
        null,
        null,
        1,
        650,
        142,
        508,
        142,
        366,
        142,
        224,
        127,
        97,
        97,
        null,
        null,
        1,
        0,
        0,
        null,
        0,
        0,
        null,
        null,
        null,
        null,
        1,
        40,
        40,
        200,
        null,
        40,
        null,
        null,
        1,
        21,
        null,
        21,
        105,
        null,
        null,
        21,
        null,
        null,
        null,
        null,
        null,
        null
      ],
      "/Users/omistaja/ttmanagement/app/helpers/matches_helper.rb": [
        null,
        null,
        1,
        null,
        null,
        1,
        null,
        705,
        319,
        null,
        386,
        256,
        null,
        130,
        null,
        null,
        1,
        127,
        null,
        null,
        null,
        1,
        902,
        null,
        null,
        null
      ],
      "/Users/omistaja/ttmanagement/app/models/membership.rb": [
        1,
        1,
        1,
        null,
        null,
        null,
        null,
        null,
        null
      ],
      "/Users/omistaja/ttmanagement/app/helpers/application_helper.rb": [
        1,
        null,
        null,
        null,
        null
      ],
      "/Users/omistaja/ttmanagement/app/helpers/clubs_helper.rb": [
        1,
        null
      ],
      "/Users/omistaja/ttmanagement/app/helpers/memberships_helper.rb": [
        1,
        null
      ],
      "/Users/omistaja/ttmanagement/app/helpers/players_helper.rb": [
        1,
        null
      ],
      "/Users/omistaja/ttmanagement/app/controllers/matches_controller.rb": [
        1,
        1,
        null,
        null,
        null,
        1,
        2,
        null,
        null,
        null,
        null,
        1,
        null,
        null,
        null,
        1,
        7,
        7,
        null,
        null,
        null,
        1,
        2,
        null,
        null,
        null,
        null,
        1,
        7,
        7,
        7,
        7,
        null,
        7,
        7,
        null,
        null,
        8,
        4,
        null,
        6,
        3,
        null,
        null,
        null,
        null,
        null,
        null,
        1,
        1,
        1,
        1,
        2,
        1,
        null,
        0,
        0,
        null,
        null,
        null,
        null,
        null,
        null,
        1,
        1,
        1,
        2,
        1,
        null,
        null,
        null,
        1,
        null,
        1,
        9,
        null,
        null,
        null,
        1,
        8,
        null,
        null
      ],
      "/Users/omistaja/ttmanagement/app/controllers/application_controller.rb": [
        1,
        null,
        null,
        1,
        null,
        1,
        null,
        1,
        null,
        1101,
        914,
        null,
        null,
        null
      ],
      "/Users/omistaja/ttmanagement/app/controllers/memberships_controller.rb": [
        1,
        1,
        null,
        null,
        null,
        1,
        null,
        null,
        null,
        null,
        null,
        1,
        null,
        null,
        null,
        1,
        2,
        10,
        2,
        null,
        null,
        null,
        1,
        null,
        null,
        null,
        null,
        1,
        null,
        2,
        null,
        2,
        2,
        2,
        2,
        2,
        2,
        2,
        4,
        2,
        null,
        null,
        0,
        0,
        null,
        null,
        null,
        null,
        null,
        null,
        1,
        0,
        0,
        0,
        0,
        null,
        0,
        0,
        null,
        null,
        null,
        null,
        null,
        null,
        1,
        1,
        1,
        1,
        1,
        null,
        1,
        2,
        1,
        null,
        null,
        null,
        1,
        null,
        1,
        1,
        null,
        null,
        null,
        1,
        2,
        null,
        null
      ],
      "/Users/omistaja/ttmanagement/app/models/club.rb": [
        1,
        1,
        1,
        null,
        1,
        1,
        null,
        1,
        9,
        null,
        null,
        1,
        40,
        null,
        null,
        null,
        null,
        null
      ],
      "/Users/omistaja/ttmanagement/app/controllers/clubs_controller.rb": [
        1,
        null,
        1,
        null,
        null,
        null,
        1,
        3,
        null,
        null,
        null,
        null,
        1,
        13,
        3,
        3,
        null,
        null,
        10,
        null,
        null,
        null,
        null,
        null,
        null,
        1,
        3,
        3,
        null,
        null,
        null,
        1,
        null,
        null,
        null,
        null,
        1,
        1,
        1,
        1,
        null,
        null,
        null,
        1,
        1,
        2,
        1,
        null,
        0,
        0,
        0,
        null,
        null,
        null,
        null,
        null,
        null,
        1,
        1,
        1,
        2,
        1,
        null,
        0,
        0,
        0,
        null,
        null,
        null,
        null,
        null,
        null,
        1,
        1,
        1,
        2,
        1,
        null,
        null,
        null,
        1,
        0,
        null,
        null,
        null,
        null,
        1,
        null,
        1,
        17,
        null,
        null,
        null,
        1,
        2,
        null,
        null
      ],
      "/Users/omistaja/ttmanagement/app/controllers/sessions_controller.rb": [
        1,
        null,
        1,
        null,
        null,
        null,
        1,
        28,
        28,
        25,
        25,
        null,
        3,
        null,
        null,
        null,
        1,
        1,
        1,
        null,
        null
      ],
      "/Users/omistaja/ttmanagement/app/controllers/players_controller.rb": [
        1,
        1,
        null,
        null,
        null,
        null,
        1,
        5,
        null,
        null,
        null,
        null,
        1,
        null,
        null,
        null,
        null,
        1,
        2,
        2,
        1,
        null,
        1,
        null,
        2,
        2,
        2,
        null,
        null,
        null,
        null,
        null,
        null,
        1,
        8,
        null,
        null,
        null,
        1,
        null,
        null,
        null,
        null,
        null,
        null,
        1,
        7,
        7,
        7,
        7,
        null,
        7,
        7,
        10,
        5,
        null,
        4,
        2,
        null,
        null,
        null,
        null,
        null,
        null,
        1,
        1,
        1,
        2,
        1,
        null,
        0,
        0,
        null,
        null,
        null,
        null,
        null,
        null,
        1,
        1,
        1,
        1,
        2,
        1,
        null,
        1,
        null,
        null,
        null,
        null,
        1,
        null,
        1,
        1,
        0,
        null,
        1,
        null,
        1,
        1,
        1,
        null,
        null,
        null,
        1,
        null,
        1,
        41,
        null,
        null,
        null,
        1,
        8,
        null,
        null
      ]
    },
    "timestamp": 1494411122
  }
}
